<?xml version="1.0" encoding="UTF-8"?>
<!-- Generated by org.testng.reporters.JUnitXMLReporter -->
<testsuite hostname="CS-MANJOT-LT" ignored="0" name="Default test" tests="5" failures="0" timestamp="2020-09-22T23:42:41 PDT" time="0.674" errors="0">
  <testcase name="StoreClickGender" time="0.039" classname="TestCases.GeneralStoreAppTestRunner"/>
  <testcase name="StoreEnterName" time="0.002" classname="TestCases.GeneralStoreAppTestRunner"/>
  <testcase name="StoreEnterName" time="0.002" classname="TestCases.GeneralStoreAppTestRunner"/>
  <testcase name="StoreEnterName" time="0.002" classname="TestCases.GeneralStoreAppTestRunner"/>
  <testcase name="RunGeneralStore" time="0.001" classname="TestCases.GeneralStoreAppTestRunner"/>
</testsuite> <!-- Default test -->
