<?xml version="1.0" encoding="UTF-8"?>
<!-- Generated by org.testng.reporters.JUnitXMLReporter -->
<testsuite hostname="CS-MANJOT-LT" ignored="0" name="ApiDemosApp" tests="7" failures="0" timestamp="2020-09-22T08:50:17 PDT" time="127.57" errors="0">
  <testcase name="ApiDemosBasicClick" time="17.145" classname="TestCases.ApiDemosAppTestRunner"/>
  <testcase name="ApiDemosBasicClick2" time="15.78" classname="TestCases.ApiDemosAppTestRunner"/>
  <testcase name="StoreClickGender" time="17.933" classname="TestCases.GeneralStoreAppTestRunner"/>
  <testcase name="StoreEnterName" time="17.798" classname="TestCases.GeneralStoreAppTestRunner"/>
  <testcase name="StoreEnterName" time="17.89" classname="TestCases.GeneralStoreAppTestRunner"/>
  <testcase name="StoreEnterName" time="17.991" classname="TestCases.GeneralStoreAppTestRunner"/>
  <testcase name="RunGeneralStore" time="18.17" classname="TestCases.GeneralStoreAppTestRunner"/>
</testsuite> <!-- ApiDemosApp -->
