<?xml version="1.0" encoding="UTF-8"?>
<!-- Generated by org.testng.reporters.JUnitXMLReporter -->
<testsuite hostname="CS-MANJOT-LT" ignored="0" name="AppTesting" tests="8" failures="0" timestamp="2020-09-23T00:24:44 PDT" time="263.588" errors="0">
  <testcase name="ApiDemosBasicClick" time="46.811" classname="TestCases.ApiDemosAppRunner"/>
  <testcase name="ApiDemosBasicClick2" time="18.71" classname="TestCases.ApiDemosAppRunner"/>
  <testcase name="StoreClickGender" time="21.435" classname="TestCases.GeneralStoreAppRunner"/>
  <testcase name="StoreEnterName" time="31.888" classname="TestCases.GeneralStoreAppRunner"/>
  <testcase name="StoreEnterName" time="23.626" classname="TestCases.GeneralStoreAppRunner"/>
  <testcase name="StoreEnterName" time="21.972" classname="TestCases.GeneralStoreAppRunner"/>
  <testcase name="RunGeneralStore" time="64.586" classname="TestCases.GeneralStoreAppRunner"/>
  <testcase name="WebTesting" time="25.683" classname="TestCases.WebAppRunner"/>
</testsuite> <!-- AppTesting -->
