<?xml version="1.0" encoding="UTF-8"?>
<!-- Generated by org.testng.reporters.JUnitXMLReporter -->
<testsuite hostname="CS-MANJOT-LT" ignored="0" name="GeneralStoreApp" tests="5" failures="0" timestamp="2020-09-22T04:33:04 PDT" time="95.201" errors="0">
  <testcase name="ClickGender" time="0.002" classname="TestCases.GeneralStoreAppTestRunner"/>
  <testcase name="EnterName" time="0.002" classname="TestCases.GeneralStoreAppTestRunner"/>
  <testcase name="EnterName" time="0.001" classname="TestCases.GeneralStoreAppTestRunner"/>
  <testcase name="EnterName" time="0.001" classname="TestCases.GeneralStoreAppTestRunner"/>
  <testcase name="RunGeneralStore" time="0.001" classname="TestCases.GeneralStoreAppTestRunner"/>
</testsuite> <!-- GeneralStoreApp -->
