<?xml version="1.0" encoding="UTF-8"?>
<testng-results skipped="0" failed="0" ignored="0" total="8" passed="8">
  <reporter-output>
  </reporter-output>
  <suite name="Suite" duration-ms="263588" started-at="2020-09-23T00:20:20 PDT" finished-at="2020-09-23T00:24:44 PDT">
    <groups>
    </groups>
    <test name="AppTesting" duration-ms="263588" started-at="2020-09-23T00:20:20 PDT" finished-at="2020-09-23T00:24:44 PDT">
      <class name="TestCases.ApiDemosAppRunner">
        <test-method status="PASS" signature="ApiDemosBasicClick()[pri:0, instance:TestCases.ApiDemosAppRunner@1a1d6a08]" name="ApiDemosBasicClick" duration-ms="46811" started-at="2020-09-23T00:20:21 PDT" finished-at="2020-09-23T00:21:07 PDT">
          <reporter-output>
          </reporter-output>
        </test-method> <!-- ApiDemosBasicClick -->
        <test-method status="PASS" signature="ApiDemosBasicClick2()[pri:0, instance:TestCases.ApiDemosAppRunner@1a1d6a08]" name="ApiDemosBasicClick2" duration-ms="18710" started-at="2020-09-23T00:21:08 PDT" finished-at="2020-09-23T00:21:27 PDT">
          <reporter-output>
          </reporter-output>
        </test-method> <!-- ApiDemosBasicClick2 -->
      </class> <!-- TestCases.ApiDemosAppRunner -->
      <class name="TestCases.GeneralStoreAppRunner">
        <test-method status="PASS" signature="StoreClickGender()[pri:0, instance:TestCases.GeneralStoreAppRunner@37d31475]" name="StoreClickGender" duration-ms="21435" started-at="2020-09-23T00:21:28 PDT" finished-at="2020-09-23T00:21:49 PDT">
          <reporter-output>
          </reporter-output>
        </test-method> <!-- StoreClickGender -->
        <test-method status="PASS" signature="StoreEnterName(java.lang.String)[pri:0, instance:TestCases.GeneralStoreAppRunner@37d31475]" name="StoreEnterName" duration-ms="31888" started-at="2020-09-23T00:21:51 PDT" data-provider="shopname" finished-at="2020-09-23T00:22:23 PDT">
          <params>
            <param index="0">
              <value>
                <![CDATA[username1]]>
              </value>
            </param>
          </params>
          <reporter-output>
          </reporter-output>
        </test-method> <!-- StoreEnterName -->
        <test-method status="PASS" signature="StoreEnterName(java.lang.String)[pri:0, instance:TestCases.GeneralStoreAppRunner@37d31475]" name="StoreEnterName" duration-ms="23626" started-at="2020-09-23T00:22:25 PDT" data-provider="shopname" finished-at="2020-09-23T00:22:49 PDT">
          <params>
            <param index="0">
              <value>
                <![CDATA[username2]]>
              </value>
            </param>
          </params>
          <reporter-output>
          </reporter-output>
        </test-method> <!-- StoreEnterName -->
        <test-method status="PASS" signature="StoreEnterName(java.lang.String)[pri:0, instance:TestCases.GeneralStoreAppRunner@37d31475]" name="StoreEnterName" duration-ms="21972" started-at="2020-09-23T00:22:50 PDT" data-provider="shopname" finished-at="2020-09-23T00:23:12 PDT">
          <params>
            <param index="0">
              <value>
                <![CDATA[username3]]>
              </value>
            </param>
          </params>
          <reporter-output>
          </reporter-output>
        </test-method> <!-- StoreEnterName -->
        <test-method status="PASS" signature="RunGeneralStore()[pri:0, instance:TestCases.GeneralStoreAppRunner@37d31475]" name="RunGeneralStore" duration-ms="64586" started-at="2020-09-23T00:23:12 PDT" depends-on-methods="TestCases.GeneralStoreAppRunner.StoreEnterName" finished-at="2020-09-23T00:24:17 PDT">
          <reporter-output>
          </reporter-output>
        </test-method> <!-- RunGeneralStore -->
      </class> <!-- TestCases.GeneralStoreAppRunner -->
      <class name="TestCases.WebAppRunner">
        <test-method status="PASS" signature="WebTesting()[pri:0, instance:TestCases.WebAppRunner@27808f31]" name="WebTesting" duration-ms="25683" started-at="2020-09-23T00:24:18 PDT" finished-at="2020-09-23T00:24:43 PDT">
          <reporter-output>
          </reporter-output>
        </test-method> <!-- WebTesting -->
      </class> <!-- TestCases.WebAppRunner -->
    </test> <!-- AppTesting -->
  </suite> <!-- Suite -->
</testng-results>
